<?xml version="1.0" encoding="UTF-8"?>
<testsuite xmlns:xsi="http://www.w3.org/2001/XMLSchema-instance" xsi:noNamespaceSchemaLocation="https://maven.apache.org/surefire/maven-surefire-plugin/xsd/surefire-test-report.xsd" version="3.0.2" name="io.github.yuliangchen.lifeos.web.LifeOsApplicationTests" time="2.555" tests="4" errors="0" skipped="0" failures="0">
  <properties>
[...]
</properties>
  <testcase name="shouldPreviewPlan" classname="io.github.yuliangchen.lifeos.web.LifeOsApplicationTests" time="0.848">
    <system-out><![CDATA[22:05:18.923 [main] INFO org.springframework.test.context.support.AnnotationConfigContextLoaderUtils -- Could not detect default configuration classes for test class [io.github.yuliangchen.lifeos.web.LifeOsApplicationTests]: LifeOsApplicationTests does not declare any static, non-private, non-final, nested classes annotated with @Configuration.
22:05:19.001 [main] INFO org.springframework.boot.test.context.SpringBootTestContextBootstrapper -- Found @SpringBootConfiguration io.github.yuliangchen.lifeos.web.LifeOsApplication for test class io.github.yuliangchen.lifeos.web.LifeOsApplicationTests

  .   ____          _            __ _ _
 /\\ / ___'_ __ _ _(_)_ __  __ _ \ \ \ \
( ( )\___ | '_ | '_| | '_ \/ _` | \ \ \ \
 \\/  ___)| |_)| | | | | || (_| |  ) ) ) )
  '  |____| .__|_| |_|_| |_\__, | / / / /
 =========|_|==============|___/=/_/_/_/

 :: Spring Boot ::                (v3.4.4)

2026-03-29T22:05:19.313+08:00  INFO 7681 --- [life-os] [           main] i.g.y.lifeos.web.LifeOsApplicationTests  : Starting LifeOsApplicationTests using Java 17.0.3 with PID 7681 (started by yuliangchen in /Users/yuliangchen/codex/学习助手/life-os-web)
2026-03-29T22:05:19.314+08:00  INFO 7681 --- [life-os] [           main] i.g.y.lifeos.web.LifeOsApplicationTests  : No active profile set, falling back to 1 default profile: "default"
2026-03-29T22:05:20.031+08:00  INFO 7681 --- [life-os] [           main] o.s.b.a.w.s.WelcomePageHandlerMapping    : Adding welcome page: class path resource [static/index.html]
2026-03-29T22:05:20.227+08:00  INFO 7681 --- [life-os] [           main] i.a.s.b.a.c.AguiAgentAutoRegistration    : Auto-registered singleton agent 'default' (bean: lifeOsAguiAgent)
2026-03-29T22:05:20.302+08:00  INFO 7681 --- [life-os] [           main] o.s.b.t.m.w.SpringBootMockServletContext : Initializing Spring TestDispatcherServlet ''
2026-03-29T22:05:20.303+08:00  INFO 7681 --- [life-os] [           main] o.s.t.web.servlet.TestDispatcherServlet  : Initializing Servlet ''
2026-03-29T22:05:20.304+08:00  INFO 7681 --- [life-os] [           main] o.s.t.web.servlet.TestDispatcherServlet  : Completed initialization in 0 ms
2026-03-29T22:05:20.460+08:00  INFO 7681 --- [life-os] [           main] i.g.y.lifeos.web.LifeOsApplicationTests  : Started LifeOsApplicationTests in 1.359 seconds (process running for 1.958)
2026-03-29T22:05:20.466+08:00  INFO 7681 --- [life-os] [           main] i.g.y.l.web.support.StartupDemoRunner    : domain -> Domain contracts are loaded with plan, profile, confirmation, and execution models
2026-03-29T22:05:20.470+08:00  INFO 7681 --- [life-os] [           main] i.g.y.l.web.support.StartupDemoRunner    : agents -> Built a low-fatigue travel proposal with weather and guide references. | Replanned daily learning into lightweight sessions that fit around travel days. | Prepared time blocks and reminder drafts, pending user confirmation before writing externally.
2026-03-29T22:05:20.471+08:00  INFO 7681 --- [life-os] [           main] i.g.y.l.web.support.StartupDemoRunner    : memory -> Memory ready for demo-user with preferences {studyGoal=english, travelStyle=relaxed, budgetLevel=medium}
2026-03-29T22:05:20.472+08:00  INFO 7681 --- [life-os] [           main] i.g.y.l.web.support.StartupDemoRunner    : rag -> RAG ready with 1 demo snippets
2026-03-29T22:05:20.472+08:00  INFO 7681 --- [life-os] [           main] i.g.y.l.web.support.StartupDemoRunner    : tools -> Tokyo weather looks mild with a few light-rain days.
2026-03-29T22:05:20.472+08:00  INFO 7681 --- [life-os] [           main] i.g.y.l.web.support.StartupDemoRunner    : infra -> Infra repositories are ready for in-memory demos
2026-03-29T22:05:20.477+08:00  INFO 7681 --- [life-os] [           main] i.g.y.l.web.support.StartupDemoRunner    : orchestrator -> Orchestrator built plan e1e64b05-ad06-4909-b6b8-9f5ac40d2c61 with 3 tasks
]]></system-out>
  </testcase>
  <testcase name="shouldServeHomePage" classname="io.github.yuliangchen.lifeos.web.LifeOsApplicationTests" time="0.007"/>
  <testcase name="shouldExposeExecutableModules" classname="io.github.yuliangchen.lifeos.web.LifeOsApplicationTests" time="0.005"/>
  <testcase name="shouldServeStaticIndexFile" classname="io.github.yuliangchen.lifeos.web.LifeOsApplicationTests" time="0.016"/>
</testsuite>